1 1 0.0 0.0
1 2 100.0 100.0
1 3 100.0 100.0
1 4 100.0 100.0
1 5 100.0 100.0
1 6 100.0 100.0
1 7 100.0 100.0
1 8 100.0 100.0
1 9 100.0 100.0
1 10 100.0 100.0
4 1 100.0 100.0
4 2 100.0 100.0
4 3 87.5 0.0
4 4 98.12 90.0
4 5 91.88 40.0
4 6 87.5 0.0
4 7 85.0 0.0
4 8 92.5 50.0
4 9 85.0 0.0
4 10 86.88 0.0
7 1 100.0 100.0
7 2 100.0 100.0
7 3 100.0 100.0
7 4 100.0 100.0
7 5 98.16 90.0
7 6 100.0 100.0
7 7 98.98 90.0
7 8 95.71 70.0
7 9 92.86 40.0
7 10 96.73 70.0
10 1 100.0 100.0
10 2 100.0 100.0
10 3 100.0 100.0
10 4 100.0 100.0
10 5 100.0 100.0
10 6 100.0 100.0
10 7 100.0 100.0
10 8 98.2 90.0
10 9 100.0 100.0
10 10 99.2 90.0