1 0 0.0 0.0
1 5 0.0 0.0
1 10 0.0 0.0
1 15 0.0 0.0
1 20 0.0 0.0
1 25 0.0 0.0
1 30 0.0 0.0
1 35 0.0 0.0
1 40 0.0 0.0
1 45 0.0 0.0
1 50 0.0 0.0
1 55 0.0 0.0
1 60 0.0 0.0
1 65 0.0 0.0
1 70 0.0 0.0
1 75 0.0 0.0
1 80 0.0 0.0
1 85 0.0 0.0
1 90 0.0 0.0
1 95 0.0 0.0
1 100 0.0 0.0
4 0 100.0 100.0
4 5 100.0 100.0
4 10 100.0 100.0
4 15 100.0 100.0
4 20 100.0 100.0
4 25 100.0 100.0
4 30 95.62 80.0
4 35 98.75 90.0
4 40 93.75 80.0
4 45 98.75 90.0
4 50 93.75 80.0
4 55 93.12 60.0
4 60 85.0 50.0
4 65 89.38 60.0
4 70 88.12 50.0
4 75 80.0 60.0
4 80 84.38 60.0
4 85 87.5 70.0
4 90 81.25 60.0
4 95 93.75 80.0
4 100 63.75 40.0
7 0 100.0 100.0
7 5 100.0 100.0
7 10 100.0 100.0
7 15 100.0 100.0
7 20 100.0 100.0
7 25 100.0 100.0
7 30 100.0 100.0
7 35 100.0 100.0
7 40 98.78 90.0
7 45 98.78 90.0
7 50 98.16 90.0
7 55 100.0 100.0
7 60 98.78 90.0
7 65 88.57 50.0
7 70 85.1 40.0
7 75 96.33 80.0
7 80 93.27 70.0
7 85 83.27 40.0
7 90 83.88 50.0
7 95 89.59 70.0
7 100 78.16 30.0
10 0 100.0 100.0
10 5 100.0 100.0
10 10 100.0 100.0
10 15 100.0 100.0
10 20 100.0 100.0
10 25 100.0 100.0
10 30 100.0 100.0
10 35 100.0 100.0
10 40 98.0 90.0
10 45 100.0 100.0
10 50 100.0 100.0
10 55 100.0 100.0
10 60 100.0 100.0
10 65 100.0 100.0
10 70 93.8 70.0
10 75 98.9 90.0
10 80 85.5 50.0
10 85 95.2 90.0
10 90 85.1 50.0
10 95 80.2 40.0
10 100 80.2 30.0