1 0 100.0 100.0
1 5 100.0 100.0
1 10 100.0 100.0
1 15 100.0 100.0
1 20 100.0 100.0
1 25 100.0 100.0
1 30 100.0 100.0
1 35 100.0 100.0
1 40 100.0 100.0
1 45 100.0 100.0
1 50 100.0 100.0
1 55 100.0 100.0
1 60 97.0 97.0
1 65 95.0 95.0
1 70 97.0 97.0
1 75 89.0 89.0
1 80 91.0 91.0
1 85 77.0 77.0
1 90 74.0 74.0
1 95 65.0 65.0
1 100 55.0 55.0
2 0 100.0 100.0
2 5 100.0 100.0
2 10 100.0 100.0
2 15 100.0 100.0
2 20 99.68 99.0
2 25 99.04 97.0
2 30 100.0 100.0
2 35 98.72 96.0
2 40 98.72 96.0
2 45 97.76 93.0
2 50 96.8 90.0
2 55 96.8 90.0
2 60 96.16 88.0
2 65 96.16 88.0
2 70 93.6 80.0
2 75 93.28 79.0
2 80 92.32 76.0
2 85 88.8 65.0
2 90 86.56 58.0
2 95 85.28 54.0
2 100 84.0 50.0
3 0 97.28 66.0
3 5 97.04 63.0
3 10 96.56 59.0
3 15 95.84 55.0
3 20 95.04 48.0
3 25 94.96 47.0
3 30 94.72 45.0
3 35 93.84 41.0
3 40 93.08 34.0
3 45 93.36 35.0
3 50 93.32 36.0
3 55 92.4 31.0
3 60 92.24 31.0
3 65 91.4 28.0
3 70 90.76 29.0
3 75 89.56 21.0
3 80 90.84 30.0
3 85 89.76 30.0
3 90 86.24 14.0
3 95 87.52 22.0
3 100 85.84 16.0
4 0 100.0 100.0
4 5 99.84 99.0
4 10 99.4 96.0
4 15 99.8 99.0
4 20 98.76 94.0
4 25 98.56 94.0
4 30 98.36 94.0
4 35 96.16 84.0
4 40 95.32 81.0
4 45 93.28 78.0
4 50 94.04 76.0
4 55 90.6 66.0
4 60 93.52 76.0
4 65 88.2 60.0
4 70 89.52 63.0
4 75 85.16 53.0
4 80 87.24 57.0
4 85 83.4 47.0
4 90 82.28 45.0
4 95 84.92 53.0
4 100 87.64 61.0
5 0 100.0 100.0
5 5 99.2 95.0
5 10 98.6 92.0
5 15 97.0 81.0
5 20 96.44 77.0
5 25 94.92 72.0
5 30 95.56 75.0
5 35 93.4 63.0
5 40 91.56 53.0
5 45 91.76 56.0
5 50 88.76 44.0
5 55 89.24 46.0
5 60 90.16 47.0
5 65 87.68 39.0
5 70 86.92 32.0
5 75 85.84 30.0
5 80 87.04 32.0
5 85 84.84 29.0
5 90 85.0 31.0
5 95 86.4 33.0
5 100 83.96 30.0
6 0 100.0 100.0
6 5 99.8 99.0
6 10 99.56 98.0
6 15 99.28 94.0
6 20 97.8 90.0
6 25 96.12 81.0
6 30 95.36 82.0
6 35 92.28 66.0
6 40 95.32 79.0
6 45 92.16 65.0
6 50 90.2 62.0
6 55 90.68 65.0
6 60 87.16 53.0
6 65 86.08 46.0
6 70 84.28 47.0
6 75 83.12 42.0
6 80 82.12 41.0
6 85 82.4 44.0
6 90 74.48 32.0
6 95 81.0 40.0
6 100 77.72 31.0
7 0 95.36 42.0
7 5 94.96 37.0
7 10 94.48 31.0
7 15 94.08 26.0
7 20 92.84 20.0
7 25 93.04 19.0
7 30 92.88 23.0
7 35 91.52 18.0
7 40 89.48 14.0
7 45 85.92 14.0
7 50 85.72 10.0
7 55 89.2 7.0
7 60 85.92 10.0
7 65 84.44 5.0
7 70 82.92 12.0
7 75 78.8 8.0
7 80 76.92 10.0
7 85 76.4 5.0
7 90 72.8 3.0
7 95 70.96 2.0
7 100 68.52 6.0
8 0 94.4 50.0
8 5 92.52 40.0
8 10 92.88 42.0
8 15 89.6 27.0
8 20 90.48 31.0
8 25 89.28 28.0
8 30 89.12 23.0
8 35 87.76 20.0
8 40 87.24 19.0
8 45 86.88 20.0
8 50 84.4 5.0
8 55 87.52 18.0
8 60 86.44 10.0
8 65 86.8 9.0
8 70 85.0 8.0
8 75 82.56 6.0
8 80 84.36 6.0
8 85 82.32 5.0
8 90 82.52 5.0
8 95 81.48 4.0
8 100 81.52 3.0
9 0 87.92 22.0
9 5 87.76 21.0
9 10 86.44 17.0
9 15 86.68 14.0
9 20 85.2 9.0
9 25 84.76 7.0
9 30 83.8 4.0
9 35 83.96 9.0
9 40 82.92 4.0
9 45 83.44 5.0
9 50 82.88 2.0
9 55 82.28 3.0
9 60 83.56 4.0
9 65 83.32 5.0
9 70 83.32 5.0
9 75 83.08 5.0
9 80 80.2 2.0
9 85 81.76 1.0
9 90 81.52 1.0
9 95 82.52 5.0
9 100 81.8 4.0
10 0 90.0 30.0
10 5 88.76 27.0
10 10 88.32 23.0
10 15 87.32 17.0
10 20 87.32 16.0
10 25 86.28 11.0
10 30 86.0 8.0
10 35 85.96 7.0
10 40 85.52 7.0
10 45 85.44 4.0
10 50 84.4 4.0
10 55 85.4 5.0
10 60 84.72 3.0
10 65 84.92 0.0
10 70 83.72 2.0
10 75 84.92 1.0
10 80 85.44 2.0
10 85 85.4 1.0
10 90 84.32 2.0
10 95 84.16 2.0
10 100 84.68 1.0
